2018-09-14 11:33:43 [main] [ INFO ] [BoobBot] 3.7.1_417
2018-09-14 11:33:45 [main] [ INFO ] [ShardManager] Login Successful!
2018-09-14 11:33:45 [JDA [0 / 1] MainWS-WriteThread] [ INFO ] [WebSocketClient] Connected to WebSocket
2018-09-14 11:33:49 [JDA [0 / 1] MainWS-ReadThread] [ INFO ] [JDA] Finished Loading!
2018-09-14 11:33:49 [JDA [0 / 1] MainWS-ReadThread] [ INFO ] [BoobBot] [0 / 1]
2018-09-14 11:33:49 [JDA [0 / 1] MainWS-ReadThread] [ INFO ] [BoobBot] Logging in
(.Y.)
Oauth link:
https://discordapp.com/oauth2/authorize?scope=bot&client_id=489056077854539782&permissions=8
JDA Version:
3.7.1_417
Docs halp:
http://home.dv8tion.net:8080/job/JDA/javadoc/
Logged in as:
BoobBot test(489056077854539782)
Guilds:
2
Shards:
1
Users:
7,508
Bots:
18
Total Users:
7,526
Home Guild:
got thighs?
Users:
7,508
Bots:
18
Total Users:
7,526
2018-09-14 11:34:04 [Command Pool] [ INFO ] [BoobBot] September 14 2018, 11:34:04 AM: Tails#0420 Used !bbping on Guild:got thighs?(440526421388165120) in Channel: staff(440544808256274477)
2018-09-14 11:34:13 [Command Pool] [ INFO ] [BoobBot] September 14 2018, 11:34:13 AM: Tails#0420 Used !bbthigh on Guild:got thighs?(440526421388165120) in Channel: staff(440544808256274477)
